2021-01-25 22:18:30,931 INFO org.springframework.boot.StartupInfoLogger [main] Starting UzdevumsApplication on agnese-PC with PID 2216 (C:\Users\agnese\Uzdevums\target\classes started by agnese in C:\Users\agnese\Uzdevums)
2021-01-25 22:18:30,953 DEBUG org.springframework.boot.StartupInfoLogger [main] Running with Spring Boot v2.3.3.RELEASE, Spring v5.2.8.RELEASE
2021-01-25 22:18:30,953 INFO org.springframework.boot.SpringApplication [main] No active profile set, falling back to default profiles: default
2021-01-25 22:18:31,903 WARN org.mybatis.spring.mapper.ClassPathMapperScanner [main] No MyBatis mapper was found in '[Uzdevums]' package. Please check your configuration.
2021-01-25 22:18:31,973 INFO org.springframework.data.repository.config.RepositoryConfigurationDelegate [main] Bootstrapping Spring Data JPA repositories in DEFERRED mode.
2021-01-25 22:18:31,988 INFO org.springframework.data.repository.config.RepositoryConfigurationDelegate [main] Finished Spring Data repository scanning in 8ms. Found 0 JPA repository interfaces.
2021-01-25 22:18:32,659 INFO org.springframework.boot.web.embedded.tomcat.TomcatWebServer [main] Tomcat initialized with port(s): 8080 (http)
2021-01-25 22:18:32,674 INFO org.apache.juli.logging.DirectJDKLog [main] Initializing ProtocolHandler ["http-nio-8080"]
2021-01-25 22:18:32,674 INFO org.apache.juli.logging.DirectJDKLog [main] Starting service [Tomcat]
2021-01-25 22:18:32,674 INFO org.apache.juli.logging.DirectJDKLog [main] Starting Servlet engine: [Apache Tomcat/9.0.37]
2021-01-25 22:18:32,891 INFO org.apache.juli.logging.DirectJDKLog [main] Initializing Spring embedded WebApplicationContext
2021-01-25 22:18:32,891 INFO org.springframework.boot.web.servlet.context.ServletWebServerApplicationContext [main] Root WebApplicationContext: initialization completed in 1760 ms
2021-01-25 22:18:33,160 ERROR com.zaxxer.hikari.HikariConfig [main] Failed to load driver class com.mysql.cj.jdbc.Driver from HikariConfig class classloader sun.misc.Launcher$AppClassLoader@18b4aac2
2021-01-25 22:18:33,176 WARN org.springframework.context.support.AbstractApplicationContext [main] Exception encountered during context initialization - cancelling refresh attempt: org.springframework.beans.factory.BeanCreationException: Error creating bean with name 'liquibase' defined in class path resource [org/springframework/boot/autoconfigure/liquibase/LiquibaseAutoConfiguration$LiquibaseConfiguration.class]: Bean instantiation via factory method failed; nested exception is org.springframework.beans.BeanInstantiationException: Failed to instantiate [liquibase.integration.spring.SpringLiquibase]: Factory method 'liquibase' threw exception; nested exception is org.springframework.beans.factory.BeanCreationException: Error creating bean with name 'dataSource' defined in class path resource [org/springframework/boot/autoconfigure/jdbc/DataSourceConfiguration$Hikari.class]: Bean instantiation via factory method failed; nested exception is org.springframework.beans.BeanInstantiationException: Failed to instantiate [com.zaxxer.hikari.HikariDataSource]: Factory method 'dataSource' threw exception; nested exception is org.springframework.boot.context.properties.bind.BindException: Failed to bind properties under '' to com.zaxxer.hikari.HikariDataSource
2021-01-25 22:18:33,176 INFO org.apache.juli.logging.DirectJDKLog [main] Stopping service [Tomcat]
2021-01-25 22:18:33,229 INFO org.springframework.boot.autoconfigure.logging.ConditionEvaluationReportLoggingListener [main] 

Error starting ApplicationContext. To display the conditions report re-run your application with 'debug' enabled.
2021-01-25 22:18:33,245 ERROR org.springframework.boot.diagnostics.LoggingFailureAnalysisReporter [main] 

***************************
APPLICATION FAILED TO START
***************************

Description:

Failed to bind properties under '' to com.zaxxer.hikari.HikariDataSource:

    Property: driver-class-name
    Value: com.mysql.cj.jdbc.Driver
    Origin: "driverClassName" from property source "source"
    Reason: Failed to load driver class com.mysql.cj.jdbc.Driver in either of HikariConfig class loader or Thread context classloader

Action:

Update your application's configuration

2021-01-25 22:24:54,549 INFO org.springframework.boot.StartupInfoLogger [main] Starting UzdevumsApplication on agnese-PC with PID 10280 (C:\Users\agnese\Uzdevums\target\classes started by agnese in C:\Users\agnese\Uzdevums)
2021-01-25 22:24:54,560 DEBUG org.springframework.boot.StartupInfoLogger [main] Running with Spring Boot v2.3.3.RELEASE, Spring v5.2.8.RELEASE
2021-01-25 22:24:54,560 INFO org.springframework.boot.SpringApplication [main] No active profile set, falling back to default profiles: default
2021-01-25 22:24:55,758 WARN org.mybatis.spring.mapper.ClassPathMapperScanner [main] No MyBatis mapper was found in '[Uzdevums]' package. Please check your configuration.
2021-01-25 22:24:55,869 INFO org.springframework.data.repository.config.RepositoryConfigurationDelegate [main] Bootstrapping Spring Data JPA repositories in DEFERRED mode.
2021-01-25 22:24:55,909 INFO org.springframework.data.repository.config.RepositoryConfigurationDelegate [main] Finished Spring Data repository scanning in 16ms. Found 0 JPA repository interfaces.
2021-01-25 22:24:56,691 INFO org.springframework.boot.web.embedded.tomcat.TomcatWebServer [main] Tomcat initialized with port(s): 8080 (http)
2021-01-25 22:24:56,707 INFO org.apache.juli.logging.DirectJDKLog [main] Initializing ProtocolHandler ["http-nio-8080"]
2021-01-25 22:24:56,707 INFO org.apache.juli.logging.DirectJDKLog [main] Starting service [Tomcat]
2021-01-25 22:24:56,707 INFO org.apache.juli.logging.DirectJDKLog [main] Starting Servlet engine: [Apache Tomcat/9.0.37]
2021-01-25 22:24:57,123 INFO org.apache.juli.logging.DirectJDKLog [main] Initializing Spring embedded WebApplicationContext
2021-01-25 22:24:57,123 INFO org.springframework.boot.web.servlet.context.ServletWebServerApplicationContext [main] Root WebApplicationContext: initialization completed in 2442 ms
2021-01-25 22:24:57,440 INFO com.zaxxer.hikari.HikariDataSource [main] HikariPool-1 - Starting...
2021-01-25 22:24:57,925 INFO com.zaxxer.hikari.HikariDataSource [main] HikariPool-1 - Start completed.
2021-01-25 22:25:01,596 INFO liquibase.logging.core.Slf4jLogger [main] SELECT COUNT(*) FROM uzdevumsdb.DATABASECHANGELOGLOCK
2021-01-25 22:25:01,677 INFO liquibase.logging.core.Slf4jLogger [main] CREATE TABLE uzdevumsdb.DATABASECHANGELOGLOCK (ID INT NOT NULL, `LOCKED` BIT(1) NOT NULL, LOCKGRANTED datetime NULL, LOCKEDBY VARCHAR(255) NULL, CONSTRAINT PK_DATABASECHANGELOGLOCK PRIMARY KEY (ID))
2021-01-25 22:25:01,777 INFO liquibase.logging.core.Slf4jLogger [main] SELECT COUNT(*) FROM uzdevumsdb.DATABASECHANGELOGLOCK
2021-01-25 22:25:01,831 INFO liquibase.logging.core.Slf4jLogger [main] DELETE FROM uzdevumsdb.DATABASECHANGELOGLOCK
2021-01-25 22:25:01,831 INFO liquibase.logging.core.Slf4jLogger [main] INSERT INTO uzdevumsdb.DATABASECHANGELOGLOCK (ID, `LOCKED`) VALUES (1, 0)
2021-01-25 22:25:01,846 INFO liquibase.logging.core.Slf4jLogger [main] SELECT `LOCKED` FROM uzdevumsdb.DATABASECHANGELOGLOCK WHERE ID=1
2021-01-25 22:25:01,877 INFO liquibase.logging.core.Slf4jLogger [main] Successfully acquired change log lock
2021-01-25 22:25:07,553 INFO liquibase.logging.core.Slf4jLogger [main] Creating database history table with name: uzdevumsdb.DATABASECHANGELOG
2021-01-25 22:25:07,553 INFO liquibase.logging.core.Slf4jLogger [main] CREATE TABLE uzdevumsdb.DATABASECHANGELOG (ID VARCHAR(255) NOT NULL, AUTHOR VARCHAR(255) NOT NULL, FILENAME VARCHAR(255) NOT NULL, DATEEXECUTED datetime NOT NULL, ORDEREXECUTED INT NOT NULL, EXECTYPE VARCHAR(10) NOT NULL, MD5SUM VARCHAR(35) NULL, `DESCRIPTION` VARCHAR(255) NULL, COMMENTS VARCHAR(255) NULL, TAG VARCHAR(255) NULL, LIQUIBASE VARCHAR(20) NULL, CONTEXTS VARCHAR(255) NULL, LABELS VARCHAR(255) NULL, DEPLOYMENT_ID VARCHAR(10) NULL)
2021-01-25 22:25:07,638 INFO liquibase.logging.core.Slf4jLogger [main] SELECT COUNT(*) FROM uzdevumsdb.DATABASECHANGELOG
2021-01-25 22:25:07,653 INFO liquibase.logging.core.Slf4jLogger [main] Reading from uzdevumsdb.DATABASECHANGELOG
2021-01-25 22:25:07,653 INFO liquibase.logging.core.Slf4jLogger [main] SELECT * FROM uzdevumsdb.DATABASECHANGELOG ORDER BY DATEEXECUTED ASC, ORDEREXECUTED ASC
2021-01-25 22:25:07,653 INFO liquibase.logging.core.Slf4jLogger [main] SELECT COUNT(*) FROM uzdevumsdb.DATABASECHANGELOGLOCK
2021-01-25 22:25:07,685 INFO liquibase.logging.core.Slf4jLogger [main] Successfully released change log lock
2021-01-25 22:25:07,970 INFO org.springframework.scheduling.concurrent.ExecutorConfigurationSupport [main] Initializing ExecutorService 'applicationTaskExecutor'
2021-01-25 22:25:08,123 INFO org.hibernate.jpa.internal.util.LogHelper [task-1] HHH000204: Processing PersistenceUnitInfo [name: default]
2021-01-25 22:25:08,208 WARN org.springframework.boot.autoconfigure.orm.jpa.JpaBaseConfiguration$JpaWebConfiguration [main] spring.jpa.open-in-view is enabled by default. Therefore, database queries may be performed during view rendering. Explicitly configure spring.jpa.open-in-view to disable this warning
2021-01-25 22:25:08,371 INFO org.hibernate.Version [task-1] HHH000412: Hibernate ORM core version 5.4.20.Final
2021-01-25 22:25:09,057 INFO org.hibernate.annotations.common.reflection.java.JavaReflectionManager [task-1] HCANN000001: Hibernate Commons Annotations {5.1.0.Final}
2021-01-25 22:25:09,512 INFO org.hibernate.dialect.Dialect [task-1] HHH000400: Using dialect: org.hibernate.dialect.MySQL8Dialect
2021-01-25 22:25:09,674 INFO org.apache.juli.logging.DirectJDKLog [main] Starting ProtocolHandler ["http-nio-8080"]
2021-01-25 22:25:09,775 INFO org.springframework.boot.web.embedded.tomcat.TomcatWebServer [main] Tomcat started on port(s): 8080 (http) with context path ''
2021-01-25 22:25:09,797 INFO org.springframework.data.repository.config.DeferredRepositoryInitializationListener [main] Triggering deferred initialization of Spring Data repositories…
2021-01-25 22:25:09,797 INFO org.springframework.data.repository.config.DeferredRepositoryInitializationListener [main] Spring Data repositories initialized!
2021-01-25 22:25:09,844 INFO org.springframework.boot.StartupInfoLogger [main] Started UzdevumsApplication in 16.441 seconds (JVM running for 18.66)
2021-01-25 22:25:10,281 INFO org.hibernate.engine.transaction.jta.platform.internal.JtaPlatformInitiator [task-1] HHH000490: Using JtaPlatform implementation: [org.hibernate.engine.transaction.jta.platform.internal.NoJtaPlatform]
2021-01-25 22:25:10,322 INFO org.springframework.orm.jpa.AbstractEntityManagerFactoryBean [task-1] Initialized JPA EntityManagerFactory for persistence unit 'default'
